<?xml version="1.0" encoding="UTF-8"?>
<!-- Generated by org.testng.reporters.JUnitReportReporter -->
<testsuite skipped="0" hostname="DESKTOP-J5PGG0A" name="com.training.sanity.tests.RegstTestsUNI" tests="1" failures="0" timestamp="04 Mar 2020 10:13:47 GMT" time="25.944" errors="0">
  <testcase name="validRegisterTest" time="25.944" classname="com.training.sanity.tests.RegstTestsUNI"/>
</testsuite> <!-- com.training.sanity.tests.RegstTestsUNI -->
