<?xml version="1.0" encoding="UTF-8"?>
<!-- Generated by org.testng.reporters.JUnitReportReporter -->
<testsuite skipped="0" hostname="DESKTOP-J5PGG0A" name="com.training.sanity.tests.AdminAddCtgryDBTests066" tests="1" failures="0" timestamp="18 Mar 2020 05:46:51 GMT" time="17.332" errors="0">
  <testcase name="addCtgryTest" time="17.332" classname="com.training.sanity.tests.AdminAddCtgryDBTests066"/>
</testsuite> <!-- com.training.sanity.tests.AdminAddCtgryDBTests066 -->
