<?xml version="1.0" encoding="UTF-8"?>
<!-- Generated by org.testng.reporters.JUnitReportReporter -->
<testsuite skipped="0" hostname="DESKTOP-J5PGG0A" name="com.training.sanity.tests.AdminAddPrdctTests035" tests="1" failures="0" timestamp="12 Mar 2020 06:37:13 GMT" time="34.310" errors="0">
  <testcase name="validLoginTest" time="34.310" classname="com.training.sanity.tests.AdminAddPrdctTests035"/>
</testsuite> <!-- com.training.sanity.tests.AdminAddPrdctTests035 -->
