<?xml version="1.0" encoding="UTF-8"?>
<!-- Generated by org.testng.reporters.JUnitReportReporter -->
<testsuite skipped="0" hostname="DESKTOP-J5PGG0A" name="com.training.sanity.tests.LoginTestsUNI004" tests="1" failures="0" timestamp="04 Mar 2020 12:55:17 GMT" time="23.542" errors="0">
  <testcase name="validLoginTest" time="23.542" classname="com.training.sanity.tests.LoginTestsUNI004"/>
</testsuite> <!-- com.training.sanity.tests.LoginTestsUNI004 -->
