<?xml version="1.0" encoding="UTF-8"?>
<!-- Generated by org.testng.reporters.JUnitReportReporter -->
<testsuite skipped="0" hostname="DESKTOP-J5PGG0A" name="com.training.sanity.tests.EditInfoUNI005" tests="1" failures="0" timestamp="04 Mar 2020 10:56:53 GMT" time="24.147" errors="0">
  <testcase name="validLoginTest" time="24.147" classname="com.training.sanity.tests.EditInfoUNI005"/>
</testsuite> <!-- com.training.sanity.tests.EditInfoUNI005 -->
