<?xml version="1.0" encoding="UTF-8"?>
<!-- Generated by org.testng.reporters.JUnitReportReporter -->
<testsuite skipped="0" hostname="DESKTOP-J5PGG0A" name="com.training.sanity.tests.AdminAddPrdctNSrchViewTests065" tests="1" failures="0" timestamp="18 Mar 2020 11:31:19 GMT" time="29.623" errors="0">
  <testcase name="validLoginTest" time="29.623" classname="com.training.sanity.tests.AdminAddPrdctNSrchViewTests065"/>
</testsuite> <!-- com.training.sanity.tests.AdminAddPrdctNSrchViewTests065 -->
