<?xml version="1.0" encoding="UTF-8"?>
<!-- Generated by org.testng.reporters.JUnitReportReporter -->
<testsuite skipped="0" hostname="DESKTOP-J5PGG0A" name="com.training.sanity.tests.GuestUserTest034" tests="1" failures="0" timestamp="12 Mar 2020 10:09:45 GMT" time="287.086" errors="0">
  <testcase name="validLoginTest" time="287.086" classname="com.training.sanity.tests.GuestUserTest034"/>
</testsuite> <!-- com.training.sanity.tests.GuestUserTest034 -->
