<?xml version="1.0" encoding="UTF-8"?>
<!-- Generated by org.testng.reporters.JUnitReportReporter -->
<testsuite skipped="0" hostname="DESKTOP-J5PGG0A" name="com.training.sanity.tests.RtrnOrdrPrdctTests036" tests="1" failures="0" timestamp="13 Mar 2020 07:38:26 GMT" time="22.914" errors="0">
  <testcase name="validLoginTest" time="22.914" classname="com.training.sanity.tests.RtrnOrdrPrdctTests036"/>
</testsuite> <!-- com.training.sanity.tests.RtrnOrdrPrdctTests036 -->
