<?xml version="1.0" encoding="UTF-8"?>
<!-- Generated by org.testng.reporters.JUnitReportReporter -->
<testsuite skipped="0" hostname="DESKTOP-J5PGG0A" name="com.training.regression.tests.LoginExcelTest" tests="4" failures="0" timestamp="10 Mar 2020 05:16:39 GMT" time="60.966" errors="0">
  <testcase name="loginExcelTest" time="14.955" classname="com.training.regression.tests.LoginExcelTest"/>
  <testcase name="loginExcelTest" time="16.074" classname="com.training.regression.tests.LoginExcelTest"/>
  <testcase name="loginExcelTest" time="15.627" classname="com.training.regression.tests.LoginExcelTest"/>
  <testcase name="loginExcelTest" time="14.310" classname="com.training.regression.tests.LoginExcelTest"/>
</testsuite> <!-- com.training.regression.tests.LoginExcelTest -->
