<?xml version="1.0" encoding="UTF-8"?>
<!-- Generated by org.testng.reporters.JUnitReportReporter -->
<testsuite skipped="0" hostname="DESKTOP-J5PGG0A" name="com.training.sanity.tests.ChangePwdTests006" tests="1" failures="0" timestamp="04 Mar 2020 14:08:36 GMT" time="16.707" errors="0">
  <testcase name="validLoginTest" time="16.707" classname="com.training.sanity.tests.ChangePwdTests006"/>
</testsuite> <!-- com.training.sanity.tests.ChangePwdTests006 -->
