<?xml version="1.0" encoding="UTF-8"?>
<!-- Generated by org.testng.reporters.JUnitReportReporter -->
<testsuite skipped="0" hostname="DESKTOP-J5PGG0A" name="com.training.regression.tests.AdminAddCtgrysExcelTests064" tests="1" failures="0" timestamp="17 Mar 2020 09:39:31 GMT" time="22.229" errors="0">
  <testcase name="loginExcelTest" time="22.229" classname="com.training.regression.tests.AdminAddCtgrysExcelTests064"/>
</testsuite> <!-- com.training.regression.tests.AdminAddCtgrysExcelTests064 -->
